C:\Users\Vardaan.s\source\repos\BookMyShowWebAPI\BookMyShowWebAPI\ClientApp\dist\out-tsc\e2e\src\app.po.js
C:\Users\Vardaan.s\source\repos\BookMyShowWebAPI\BookMyShowWebAPI\ClientApp\dist\out-tsc\e2e\src\app.po.js.map
C:\Users\Vardaan.s\source\repos\BookMyShowWebAPI\BookMyShowWebAPI\ClientApp\dist\out-tsc\e2e\src\app.e2e-spec.js
C:\Users\Vardaan.s\source\repos\BookMyShowWebAPI\BookMyShowWebAPI\ClientApp\dist\out-tsc\e2e\src\app.e2e-spec.js.map
C:\Users\Vardaan.s\source\repos\BookMyShowWebAPI\BookMyShowWebAPI\ClientApp\dist\out-tsc\src\app\models\movie.model.js
C:\Users\Vardaan.s\source\repos\BookMyShowWebAPI\BookMyShowWebAPI\ClientApp\dist\out-tsc\src\app\models\movie.model.js.map
C:\Users\Vardaan.s\source\repos\BookMyShowWebAPI\BookMyShowWebAPI\ClientApp\dist\out-tsc\src\app\services\movie.service.js
C:\Users\Vardaan.s\source\repos\BookMyShowWebAPI\BookMyShowWebAPI\ClientApp\dist\out-tsc\src\app\services\movie.service.js.map
C:\Users\Vardaan.s\source\repos\BookMyShowWebAPI\BookMyShowWebAPI\ClientApp\dist\out-tsc\src\app\movies\movies.component.js
C:\Users\Vardaan.s\source\repos\BookMyShowWebAPI\BookMyShowWebAPI\ClientApp\dist\out-tsc\src\app\movies\movies.component.js.map
C:\Users\Vardaan.s\source\repos\BookMyShowWebAPI\BookMyShowWebAPI\ClientApp\dist\out-tsc\src\app\movies\movie-detail\movie-detail.component.js
C:\Users\Vardaan.s\source\repos\BookMyShowWebAPI\BookMyShowWebAPI\ClientApp\dist\out-tsc\src\app\movies\movie-detail\movie-detail.component.js.map
C:\Users\Vardaan.s\source\repos\BookMyShowWebAPI\BookMyShowWebAPI\ClientApp\dist\out-tsc\src\app\models\theater.model.js
C:\Users\Vardaan.s\source\repos\BookMyShowWebAPI\BookMyShowWebAPI\ClientApp\dist\out-tsc\src\app\models\theater.model.js.map
C:\Users\Vardaan.s\source\repos\BookMyShowWebAPI\BookMyShowWebAPI\ClientApp\dist\out-tsc\src\app\services\theater.service.js
C:\Users\Vardaan.s\source\repos\BookMyShowWebAPI\BookMyShowWebAPI\ClientApp\dist\out-tsc\src\app\services\theater.service.js.map
C:\Users\Vardaan.s\source\repos\BookMyShowWebAPI\BookMyShowWebAPI\ClientApp\dist\out-tsc\src\app\services\show.service.js
C:\Users\Vardaan.s\source\repos\BookMyShowWebAPI\BookMyShowWebAPI\ClientApp\dist\out-tsc\src\app\services\show.service.js.map
C:\Users\Vardaan.s\source\repos\BookMyShowWebAPI\BookMyShowWebAPI\ClientApp\dist\out-tsc\src\app\services\screen.service.js
C:\Users\Vardaan.s\source\repos\BookMyShowWebAPI\BookMyShowWebAPI\ClientApp\dist\out-tsc\src\app\services\screen.service.js.map
C:\Users\Vardaan.s\source\repos\BookMyShowWebAPI\BookMyShowWebAPI\ClientApp\dist\out-tsc\src\app\models\booking.model.js
C:\Users\Vardaan.s\source\repos\BookMyShowWebAPI\BookMyShowWebAPI\ClientApp\dist\out-tsc\src\app\models\booking.model.js.map
C:\Users\Vardaan.s\source\repos\BookMyShowWebAPI\BookMyShowWebAPI\ClientApp\dist\out-tsc\src\app\services\booking.service.js
C:\Users\Vardaan.s\source\repos\BookMyShowWebAPI\BookMyShowWebAPI\ClientApp\dist\out-tsc\src\app\services\booking.service.js.map
C:\Users\Vardaan.s\source\repos\BookMyShowWebAPI\BookMyShowWebAPI\ClientApp\dist\out-tsc\src\app\movies\movie-detail\show-theater\show-theater.component.js
C:\Users\Vardaan.s\source\repos\BookMyShowWebAPI\BookMyShowWebAPI\ClientApp\dist\out-tsc\src\app\movies\movie-detail\show-theater\show-theater.component.js.map
C:\Users\Vardaan.s\source\repos\BookMyShowWebAPI\BookMyShowWebAPI\ClientApp\dist\out-tsc\src\app\app-routing.module.js
C:\Users\Vardaan.s\source\repos\BookMyShowWebAPI\BookMyShowWebAPI\ClientApp\dist\out-tsc\src\app\app-routing.module.js.map
C:\Users\Vardaan.s\source\repos\BookMyShowWebAPI\BookMyShowWebAPI\ClientApp\dist\out-tsc\src\app\app.component.js
C:\Users\Vardaan.s\source\repos\BookMyShowWebAPI\BookMyShowWebAPI\ClientApp\dist\out-tsc\src\app\app.component.js.map
C:\Users\Vardaan.s\source\repos\BookMyShowWebAPI\BookMyShowWebAPI\ClientApp\dist\out-tsc\src\app\app.module.js
C:\Users\Vardaan.s\source\repos\BookMyShowWebAPI\BookMyShowWebAPI\ClientApp\dist\out-tsc\src\app\app.module.js.map
C:\Users\Vardaan.s\source\repos\BookMyShowWebAPI\BookMyShowWebAPI\ClientApp\dist\out-tsc\src\environments\environment.js
C:\Users\Vardaan.s\source\repos\BookMyShowWebAPI\BookMyShowWebAPI\ClientApp\dist\out-tsc\src\environments\environment.js.map
C:\Users\Vardaan.s\source\repos\BookMyShowWebAPI\BookMyShowWebAPI\ClientApp\dist\out-tsc\src\main.js
C:\Users\Vardaan.s\source\repos\BookMyShowWebAPI\BookMyShowWebAPI\ClientApp\dist\out-tsc\src\main.js.map
C:\Users\Vardaan.s\source\repos\BookMyShowWebAPI\BookMyShowWebAPI\ClientApp\dist\out-tsc\src\polyfills.js
C:\Users\Vardaan.s\source\repos\BookMyShowWebAPI\BookMyShowWebAPI\ClientApp\dist\out-tsc\src\polyfills.js.map
C:\Users\Vardaan.s\source\repos\BookMyShowWebAPI\BookMyShowWebAPI\ClientApp\dist\out-tsc\src\test.js
C:\Users\Vardaan.s\source\repos\BookMyShowWebAPI\BookMyShowWebAPI\ClientApp\dist\out-tsc\src\test.js.map
C:\Users\Vardaan.s\source\repos\BookMyShowWebAPI\BookMyShowWebAPI\ClientApp\dist\out-tsc\src\app\app.component.spec.js
C:\Users\Vardaan.s\source\repos\BookMyShowWebAPI\BookMyShowWebAPI\ClientApp\dist\out-tsc\src\app\app.component.spec.js.map
C:\Users\Vardaan.s\source\repos\BookMyShowWebAPI\BookMyShowWebAPI\ClientApp\dist\out-tsc\src\app\models\screen.model.js
C:\Users\Vardaan.s\source\repos\BookMyShowWebAPI\BookMyShowWebAPI\ClientApp\dist\out-tsc\src\app\models\screen.model.js.map
C:\Users\Vardaan.s\source\repos\BookMyShowWebAPI\BookMyShowWebAPI\ClientApp\dist\out-tsc\src\app\models\show.model.js
C:\Users\Vardaan.s\source\repos\BookMyShowWebAPI\BookMyShowWebAPI\ClientApp\dist\out-tsc\src\app\models\show.model.js.map
C:\Users\Vardaan.s\source\repos\BookMyShowWebAPI\BookMyShowWebAPI\ClientApp\dist\out-tsc\src\app\movies\movies.component.spec.js
C:\Users\Vardaan.s\source\repos\BookMyShowWebAPI\BookMyShowWebAPI\ClientApp\dist\out-tsc\src\app\movies\movies.component.spec.js.map
C:\Users\Vardaan.s\source\repos\BookMyShowWebAPI\BookMyShowWebAPI\ClientApp\dist\out-tsc\src\app\movies\movie-detail\movie-detail.component.spec.js
C:\Users\Vardaan.s\source\repos\BookMyShowWebAPI\BookMyShowWebAPI\ClientApp\dist\out-tsc\src\app\movies\movie-detail\movie-detail.component.spec.js.map
C:\Users\Vardaan.s\source\repos\BookMyShowWebAPI\BookMyShowWebAPI\ClientApp\dist\out-tsc\src\app\movies\movie-detail\show-theater\show-theater.component.spec.js
C:\Users\Vardaan.s\source\repos\BookMyShowWebAPI\BookMyShowWebAPI\ClientApp\dist\out-tsc\src\app\movies\movie-detail\show-theater\show-theater.component.spec.js.map
C:\Users\Vardaan.s\source\repos\BookMyShowWebAPI\BookMyShowWebAPI\ClientApp\dist\out-tsc\src\environments\environment.prod.js
C:\Users\Vardaan.s\source\repos\BookMyShowWebAPI\BookMyShowWebAPI\ClientApp\dist\out-tsc\src\environments\environment.prod.js.map
